<?xml version="1.0" encoding="UTF-8"?>
<!-- Generated by org.testng.reporters.JUnitReportReporter -->
<testsuite hostname="M21LPHDMTXT1" failures="0" tests="5" name="InterviewTask.Pages" time="19.793" errors="0" timestamp="2023-02-17T10:00:37 IST" skipped="0">
  <testcase classname="InterviewTask.Pages" name="covidcasepage" time="6.425"/>
  <system-out/>
  <testcase classname="InterviewTask.Pages" name="downloadcertificate" time="3.133"/>
  <system-out/>
  <testcase classname="InterviewTask.Pages" name="about" time="7.663"/>
  <system-out/>
  <testcase classname="InterviewTask.Pages" name="selectclass" time="2.231"/>
  <system-out/>
  <testcase classname="InterviewTask.Pages" name="reset" time="0.341"/>
  <system-out/>
</testsuite> <!-- InterviewTask.Pages -->
