<?xml version="1.0" encoding="UTF-8"?>
<!-- Generated by org.testng.reporters.JUnitReportReporter -->
<testsuite hostname="M21LPHDMTXT1" failures="0" tests="5" name="InterviewTask.Pages" time="18.150" errors="0" timestamp="2023-02-10T13:15:51 IST" skipped="0">
  <testcase classname="InterviewTask.Pages" name="covidcasepage" time="6.378"/>
  <system-out/>
  <testcase classname="InterviewTask.Pages" name="downloadcertificate" time="3.133"/>
  <system-out/>
  <testcase classname="InterviewTask.Pages" name="about" time="7.630"/>
  <system-out/>
  <testcase classname="InterviewTask.Pages" name="selectclass" time="0.477"/>
  <system-out/>
  <testcase classname="InterviewTask.Pages" name="reset" time="0.532"/>
  <system-out/>
</testsuite> <!-- InterviewTask.Pages -->
